SF:lib/src/internal/multi_shader_builder.dart
DA:46,1
DA:62,1
DA:64,1
DA:72,2
DA:73,4
DA:74,0
DA:76,4
DA:77,2
DA:78,4
DA:80,0
DA:81,0
DA:82,0
DA:93,2
DA:94,2
DA:95,2
DA:104,4
DA:105,2
DA:107,1
DA:109,1
DA:110,3
DA:113,0
DA:115,0
DA:116,0
DA:117,0
DA:121,1
DA:122,2
DA:123,2
DA:126,1
DA:127,2
DA:128,2
DA:129,4
DA:130,5
DA:132,0
DA:137,1
DA:142,0
DA:143,0
DA:144,0
DA:145,0
DA:148,0
DA:149,0
DA:150,0
DA:151,0
DA:154,0
DA:155,0
DA:156,0
DA:163,1
DA:166,6
DA:167,0
DA:171,7
DA:173,5
LF:50
LH:29
end_of_record
SF:lib/src/shaders.dart
DA:8,4
DA:9,4
DA:17,4
DA:18,4
DA:20,4
DA:21,4
DA:23,4
DA:24,4
DA:26,4
DA:27,4
DA:29,4
DA:30,4
DA:33,0
DA:34,0
LF:14
LH:12
end_of_record
SF:lib/src/glassify.dart
DA:35,1
DA:50,1
DA:51,1
DA:56,1
DA:58,1
DA:60,0
DA:66,0
DA:69,1
DA:70,1
DA:71,2
DA:73,2
DA:78,2
DA:84,1
DA:98,1
DA:100,1
DA:101,1
DA:102,1
DA:103,1
DA:104,1
DA:105,1
DA:109,0
DA:115,0
DA:116,0
DA:117,0
DA:118,0
DA:124,1
DA:135,3
DA:136,0
DA:141,0
DA:142,0
DA:143,0
DA:144,0
DA:150,0
DA:151,0
DA:152,0
DA:153,0
DA:157,0
DA:158,0
DA:159,0
DA:160,0
DA:164,0
DA:165,0
DA:166,0
DA:167,0
DA:176,1
DA:178,1
DA:180,1
DA:183,1
DA:185,1
DA:186,1
DA:188,2
DA:190,1
DA:191,1
DA:193,0
DA:196,2
DA:199,1
DA:200,1
DA:201,1
DA:202,1
DA:205,1
DA:206,1
DA:207,1
DA:208,2
DA:209,2
DA:210,2
DA:211,2
DA:212,1
DA:213,1
DA:214,1
DA:215,1
DA:216,1
DA:222,1
DA:224,1
DA:227,1
DA:228,0
DA:229,0
DA:233,1
DA:235,2
DA:236,2
DA:237,1
DA:238,1
DA:245,1
DA:261,2
DA:262,1
DA:263,2
DA:264,0
DA:265,0
DA:269,2
DA:270,1
DA:271,2
DA:272,0
DA:273,0
DA:277,2
DA:278,1
DA:279,2
DA:280,0
DA:281,0
DA:285,2
DA:286,1
DA:287,2
DA:288,0
DA:289,0
DA:293,2
DA:294,1
DA:295,2
DA:296,0
DA:297,0
DA:301,2
DA:302,1
DA:303,2
DA:304,0
DA:305,0
DA:315,1
DA:317,1
DA:319,1
DA:320,2
DA:321,2
DA:322,1
DA:324,1
DA:327,1
DA:328,1
DA:331,1
DA:332,2
DA:333,2
DA:334,1
DA:337,1
DA:339,1
DA:342,1
DA:343,2
DA:344,2
DA:347,1
DA:348,2
DA:350,3
DA:351,2
DA:354,1
DA:355,1
DA:357,3
DA:358,3
DA:360,2
DA:361,1
DA:362,1
DA:364,2
DA:365,4
DA:366,4
DA:370,1
DA:371,1
DA:373,7
DA:376,2
DA:377,1
DA:378,1
DA:379,1
DA:381,1
DA:385,1
DA:388,1
DA:391,1
DA:394,1
DA:395,5
DA:396,5
DA:398,1
DA:399,2
DA:400,2
DA:401,2
DA:403,1
DA:404,1
DA:405,4
DA:406,4
DA:409,3
DA:410,2
DA:411,2
DA:412,2
DA:413,2
DA:414,2
DA:415,2
DA:416,2
DA:417,2
DA:418,2
DA:420,4
DA:421,1
DA:422,1
DA:423,3
DA:424,3
DA:427,1
DA:428,4
DA:433,1
DA:435,2
DA:436,2
DA:437,2
DA:438,2
DA:439,1
LF:189
LH:150
end_of_record
SF:lib/src/fake_glass.dart
DA:16,0
DA:25,0
DA:43,0
DA:45,0
DA:49,0
DA:50,0
DA:51,0
DA:52,0
DA:53,0
DA:56,0
DA:57,0
DA:58,0
DA:59,0
DA:69,0
DA:83,0
DA:85,0
DA:86,0
DA:87,0
DA:88,0
DA:92,0
DA:95,0
DA:97,0
DA:98,0
DA:99,0
DA:105,0
DA:114,0
DA:115,0
DA:116,0
DA:117,0
DA:118,0
DA:122,0
DA:123,0
DA:124,0
DA:125,0
DA:126,0
DA:130,0
DA:131,0
DA:132,0
DA:133,0
DA:134,0
DA:137,0
DA:140,0
DA:141,0
DA:143,0
DA:146,0
DA:147,0
DA:148,0
DA:152,0
DA:153,0
DA:154,0
DA:160,0
DA:166,0
DA:167,0
DA:168,0
DA:169,0
DA:171,0
DA:173,0
DA:174,0
DA:175,0
DA:176,0
DA:177,0
DA:187,0
DA:196,0
DA:198,0
DA:199,0
DA:200,0
DA:201,0
DA:206,0
DA:207,0
DA:208,0
DA:210,0
DA:212,0
DA:213,0
DA:214,0
DA:215,0
DA:217,0
DA:221,0
DA:222,0
DA:223,0
DA:224,0
DA:225,0
DA:227,0
DA:233,0
DA:236,0
DA:237,0
DA:238,0
DA:241,0
DA:242,0
DA:244,0
DA:245,0
DA:246,0
DA:247,0
DA:249,0
DA:251,0
DA:252,0
DA:255,0
DA:260,0
DA:263,0
DA:267,0
DA:270,0
DA:274,0
DA:276,0
DA:277,0
DA:279,0
DA:280,0
DA:283,0
DA:286,0
DA:287,0
DA:289,0
DA:290,0
DA:291,0
DA:293,0
DA:294,0
DA:295,0
DA:296,0
DA:297,0
DA:298,0
DA:300,0
DA:303,0
DA:304,0
DA:305,0
DA:306,0
LF:122
LH:0
end_of_record
SF:lib/src/glass_glow.dart
DA:12,0
DA:42,0
DA:44,0
DA:45,0
DA:46,0
DA:47,0
DA:48,0
DA:49,0
DA:50,0
DA:54,0
DA:55,0
DA:57,0
DA:58,0
DA:59,0
DA:60,0
DA:64,0
DA:65,0
DA:79,1
DA:87,1
DA:88,1
DA:90,0
DA:93,0
DA:94,0
DA:101,2
DA:111,2
DA:116,2
DA:126,1
DA:128,2
DA:129,2
DA:130,2
DA:131,1
DA:134,0
DA:139,0
DA:140,0
DA:141,0
DA:144,0
DA:145,0
DA:146,0
DA:148,0
DA:149,0
DA:152,0
DA:155,0
DA:156,0
DA:157,0
DA:158,0
DA:159,0
DA:160,0
DA:161,0
DA:162,0
DA:165,1
DA:167,1
DA:168,2
DA:169,1
DA:170,1
DA:171,1
DA:173,1
DA:174,1
DA:175,4
DA:176,2
DA:177,5
DA:179,2
DA:183,2
DA:189,1
DA:200,1
DA:202,1
DA:203,1
DA:204,1
DA:205,1
DA:209,0
DA:215,0
DA:216,0
DA:217,0
DA:222,1
DA:231,0
DA:232,0
DA:233,0
DA:234,0
DA:235,0
DA:239,0
DA:240,0
DA:241,0
DA:242,0
DA:243,0
DA:247,0
DA:248,0
DA:249,0
DA:250,0
DA:251,0
DA:254,1
DA:256,3
DA:258,1
DA:262,0
DA:264,0
DA:266,0
DA:267,0
DA:268,0
DA:269,0
DA:274,0
DA:276,0
DA:277,0
DA:278,0
DA:280,0
DA:283,0
DA:288,0
DA:289,0
LF:105
LH:34
end_of_record
SF:lib/src/liquid_glass.dart
DA:40,1
DA:57,0
DA:101,1
DA:103,3
DA:106,0
DA:109,1
DA:111,1
DA:112,2
DA:113,1
DA:114,1
DA:115,1
DA:116,2
DA:117,1
DA:118,1
DA:119,3
DA:120,1
DA:121,1
DA:127,1
DA:129,1
DA:130,1
DA:131,1
DA:132,2
DA:133,1
DA:134,1
DA:135,1
DA:136,2
DA:137,1
DA:138,1
DA:139,2
DA:140,1
DA:141,1
DA:152,0
DA:153,0
DA:155,0
DA:156,0
DA:157,0
DA:160,0
DA:161,0
DA:163,0
DA:170,1
DA:183,1
DA:185,1
DA:186,1
DA:187,1
DA:188,1
DA:192,0
DA:198,0
DA:199,0
DA:200,0
DA:206,1
DA:215,2
DA:216,0
DA:217,0
DA:218,0
DA:219,0
DA:220,0
DA:224,0
DA:225,0
DA:226,0
DA:227,0
DA:228,0
DA:232,0
DA:233,0
DA:234,0
DA:235,0
DA:236,0
DA:239,1
DA:241,1
DA:242,1
DA:245,1
DA:247,1
DA:248,1
DA:251,1
DA:252,1
DA:253,2
DA:255,1
DA:256,1
DA:261,1
DA:262,2
DA:263,1
DA:266,0
DA:267,0
DA:269,0
DA:270,0
DA:276,1
DA:278,1
DA:280,5
DA:281,2
DA:286,1
DA:288,1
DA:289,2
DA:290,1
DA:291,2
DA:295,1
DA:296,2
DA:299,1
DA:300,1
LF:97
LH:64
end_of_record
SF:lib/src/liquid_glass_layer.dart
DA:60,1
DA:94,1
DA:95,1
DA:100,2
DA:104,1
DA:106,2
DA:107,1
DA:110,1
DA:112,3
DA:113,0
DA:114,0
DA:122,0
DA:123,0
DA:124,0
DA:126,0
DA:130,1
DA:131,1
DA:132,2
DA:133,1
DA:134,1
DA:135,1
DA:136,1
DA:137,1
DA:139,2
DA:140,1
DA:141,1
DA:142,2
DA:143,0
DA:145,2
DA:146,1
DA:149,2
DA:157,1
DA:172,1
DA:174,1
DA:175,1
DA:176,1
DA:177,1
DA:178,1
DA:179,1
DA:180,1
DA:184,0
DA:190,0
DA:191,0
DA:192,0
DA:193,0
DA:199,1
DA:213,1
DA:220,1
DA:221,3
DA:222,2
DA:223,2
DA:225,2
DA:226,2
DA:229,3
DA:230,3
DA:232,1
DA:233,2
DA:234,2
DA:235,2
DA:237,1
DA:238,2
DA:240,1
DA:244,3
DA:245,1
DA:246,1
DA:248,3
DA:249,1
DA:253,1
DA:255,1
DA:256,1
DA:258,1
DA:260,1
DA:272,1
DA:276,2
DA:278,1
DA:279,1
DA:292,1
DA:294,2
DA:295,2
DA:296,2
DA:297,2
DA:298,1
LF:82
LH:70
end_of_record
SF:lib/src/liquid_glass_settings.dart
DA:11,2
DA:28,0
DA:38,0
DA:40,0
DA:42,0
DA:43,0
DA:56,1
DA:57,2
DA:71,2
DA:72,12
DA:80,8
DA:90,8
DA:100,8
DA:116,8
DA:124,8
DA:140,12
DA:143,2
DA:156,2
DA:157,2
DA:158,1
DA:159,1
DA:160,2
DA:161,2
DA:162,2
DA:163,2
DA:164,2
DA:165,2
DA:166,2
DA:167,2
DA:170,0
DA:171,0
DA:172,0
DA:173,0
DA:174,0
DA:175,0
DA:176,0
DA:177,0
DA:178,0
DA:179,0
DA:180,0
DA:181,0
DA:182,0
LF:42
LH:24
end_of_record
SF:lib/src/liquid_shape.dart
DA:7,1
DA:12,0
DA:14,0
DA:20,1
DA:22,2
DA:28,0
DA:30,0
DA:33,0
DA:34,0
DA:42,1
DA:52,1
DA:53,1
DA:54,2
DA:55,1
DA:58,0
DA:63,0
DA:64,0
DA:65,0
DA:69,0
DA:71,0
DA:72,0
DA:73,0
DA:77,0
DA:78,0
DA:86,0
DA:88,1
DA:91,0
DA:93,0
DA:94,0
DA:98,0
DA:100,0
DA:101,0
DA:112,0
DA:122,1
DA:123,1
DA:124,2
DA:125,1
DA:128,0
DA:133,0
DA:134,0
DA:135,0
DA:139,0
DA:141,0
DA:142,0
DA:143,0
DA:147,0
DA:148,0
LF:47
LH:13
end_of_record
SF:lib/src/logging.dart
DA:20,0
DA:22,0
DA:27,0
DA:30,0
DA:31,0
DA:32,0
DA:34,0
DA:35,0
DA:37,0
DA:45,0
DA:46,0
DA:57,0
DA:58,0
DA:62,0
DA:63,0
DA:64,0
DA:65,0
DA:66,0
DA:68,0
DA:74,0
DA:75,0
DA:76,0
LF:22
LH:0
end_of_record
SF:lib/src/stretch.dart
DA:17,0
DA:64,0
DA:66,0
DA:67,0
DA:70,0
DA:71,0
DA:72,0
DA:73,0
DA:74,0
DA:80,0
DA:84,0
DA:85,0
DA:90,0
DA:91,0
DA:98,0
DA:115,0
DA:124,0
DA:126,0
DA:129,0
DA:134,0
DA:140,0
DA:147,0
DA:148,0
DA:149,0
DA:152,0
DA:153,0
DA:156,0
DA:158,0
DA:161,0
DA:163,0
DA:165,0
DA:168,0
DA:171,0
DA:172,0
DA:177,0
DA:179,0
DA:183,0
DA:185,0
DA:190,0
DA:191,0
DA:192,0
DA:196,0
DA:197,0
DA:201,0
DA:205,0
DA:207,0
DA:209,0
DA:213,0
DA:214,0
DA:218,0
DA:219,0
DA:220,0
DA:223,0
DA:225,0
DA:227,0
DA:232,0
DA:237,0
DA:241,0
DA:242,0
DA:245,0
DA:246,0
DA:252,0
DA:253,0
DA:256,0
DA:257,0
DA:259,0
DA:260,0
DA:261,0
DA:263,0
DA:264,0
DA:266,0
DA:280,0
DA:281,0
DA:283,0
DA:284,0
DA:286,0
DA:287,0
DA:289,0
LF:78
LH:0
end_of_record
SF:lib/src/glass_link.dart
DA:17,1
DA:19,0
DA:20,0
DA:27,1
DA:32,3
DA:36,1
DA:40,1
DA:41,2
DA:42,1
DA:46,0
DA:51,0
DA:54,0
DA:55,0
DA:56,0
DA:61,1
DA:62,2
DA:63,1
DA:68,0
DA:70,1
DA:71,2
DA:75,1
DA:76,3
DA:80,1
DA:81,1
DA:82,3
DA:83,1
DA:84,2
DA:91,0
DA:94,1
DA:96,2
DA:97,1
DA:104,1
LF:32
LH:23
end_of_record
SF:lib/src/liquid_glass_scope.dart
DA:9,1
DA:23,1
DA:25,1
DA:26,1
DA:30,0
DA:32,0
DA:33,0
DA:34,0
DA:35,0
LF:9
LH:4
end_of_record
SF:lib/src/internal/glass_drag_builder.dart
DA:6,0
DA:19,0
DA:20,0
DA:26,0
DA:28,0
DA:30,0
DA:31,0
DA:32,0
DA:33,0
DA:34,0
DA:37,0
DA:38,0
DA:40,0
DA:41,0
DA:43,0
LF:15
LH:0
end_of_record
SF:lib/src/internal/snap_rect_to_pixels.dart
DA:6,1
DA:7,1
DA:8,2
DA:9,2
DA:10,2
DA:11,2
DA:17,1
DA:18,3
LF:8
LH:8
end_of_record
SF:lib/src/liquid_glass_shader_render_object.dart
DA:36,1
DA:47,3
DA:48,1
DA:49,1
DA:52,3
DA:60,2
DA:61,0
DA:62,0
DA:64,0
DA:65,0
DA:66,0
DA:69,0
DA:70,0
DA:71,0
DA:75,2
DA:76,0
DA:77,0
DA:78,0
DA:82,2
DA:83,0
DA:84,0
DA:85,0
DA:86,0
DA:90,2
DA:91,0
DA:92,0
DA:93,0
DA:94,0
DA:95,0
DA:96,0
DA:99,1
DA:100,1
DA:118,1
DA:120,1
DA:123,1
DA:124,1
DA:127,1
DA:132,1
DA:133,3
DA:135,3
DA:136,2
DA:137,2
DA:138,2
DA:139,2
DA:140,2
DA:141,2
DA:142,2
DA:144,1
DA:145,1
DA:146,3
DA:147,3
DA:152,3
DA:153,2
DA:154,2
DA:155,2
DA:156,2
DA:157,4
DA:163,1
DA:164,1
DA:166,2
DA:167,0
DA:173,3
DA:174,3
DA:175,2
DA:176,2
DA:177,2
DA:179,3
DA:180,6
DA:181,6
DA:182,4
DA:183,4
DA:184,4
DA:191,1
DA:194,2
DA:195,2
DA:196,1
DA:199,1
DA:201,1
DA:202,0
DA:206,3
DA:207,1
DA:208,1
DA:209,1
DA:214,0
DA:216,1
DA:219,1
DA:223,3
DA:224,2
DA:228,0
DA:229,0
DA:230,0
DA:231,0
DA:232,0
DA:233,0
DA:234,0
DA:238,1
DA:239,1
DA:240,1
DA:242,1
DA:243,2
DA:245,4
DA:246,4
DA:247,4
DA:248,3
DA:249,2
DA:251,1
DA:253,3
DA:266,1
DA:273,2
DA:274,2
DA:275,1
DA:278,1
DA:279,2
DA:288,1
DA:290,1
DA:292,2
DA:294,1
DA:295,4
DA:296,1
DA:301,4
DA:303,2
DA:304,1
DA:306,1
DA:307,1
DA:309,1
DA:310,4
DA:311,1
DA:312,5
DA:314,1
DA:315,0
DA:319,1
DA:321,1
DA:323,1
DA:324,2
DA:325,2
DA:327,2
DA:328,1
DA:331,1
DA:333,1
DA:334,1
DA:335,2
DA:336,1
DA:343,2
DA:346,3
DA:347,3
DA:348,3
DA:353,1
DA:354,4
DA:355,4
DA:359,1
DA:360,1
DA:361,1
DA:362,3
DA:364,4
DA:365,4
DA:368,3
DA:369,1
DA:370,3
DA:374,1
DA:375,1
DA:382,1
DA:383,1
DA:384,1
DA:387,5
DA:392,4
DA:393,1
DA:394,1
DA:396,2
DA:399,1
DA:400,1
DA:402,2
DA:403,1
DA:405,2
DA:406,1
DA:409,3
DA:413,3
DA:417,0
DA:429,1
DA:434,1
DA:435,1
DA:437,2
DA:441,1
DA:442,1
DA:444,2
DA:447,1
DA:449,1
DA:450,1
DA:453,1
DA:454,4
DA:455,4
DA:456,5
DA:457,5
DA:463,1
DA:466,2
DA:467,3
DA:468,1
DA:473,0
DA:476,0
DA:477,0
DA:478,0
LF:200
LH:163
end_of_record
SF:lib/src/shape_in_layer.dart
DA:20,1
DA:22,1
DA:24,1
DA:26,1
DA:35,1
DA:43,1
DA:44,1
DA:46,1
DA:48,1
DA:49,2
DA:50,2
DA:51,1
DA:52,2
DA:53,2
DA:54,1
DA:81,0
DA:82,0
DA:83,0
DA:84,0
DA:85,0
DA:86,0
DA:87,0
DA:88,0
DA:92,1
DA:94,4
LF:25
LH:17
end_of_record
