SF:lib/src/internal/multi_shader_builder.dart
DA:46,0
DA:62,0
DA:64,0
DA:72,1
DA:73,2
DA:74,0
DA:76,2
DA:77,1
DA:78,2
DA:80,1
DA:81,1
DA:82,1
DA:93,1
DA:94,1
DA:95,1
DA:104,2
DA:105,1
DA:107,0
DA:109,0
DA:110,0
DA:113,0
DA:115,0
DA:116,0
DA:117,0
DA:121,0
DA:122,0
DA:123,0
DA:126,0
DA:127,0
DA:128,0
DA:129,0
DA:130,0
DA:132,0
DA:137,0
DA:142,0
DA:143,0
DA:144,0
DA:145,0
DA:148,0
DA:149,0
DA:150,0
DA:151,0
DA:154,0
DA:155,0
DA:156,0
DA:163,0
DA:166,0
DA:167,0
DA:171,0
DA:173,0
LF:50
LH:13
end_of_record
SF:lib/src/shaders.dart
DA:8,2
DA:9,2
DA:17,2
DA:18,2
DA:20,2
DA:21,2
DA:23,2
DA:24,2
DA:26,2
DA:27,2
DA:29,2
DA:30,2
DA:33,0
DA:34,0
LF:14
LH:12
end_of_record
SF:lib/src/internal/liquid_glass_render_object.dart
DA:23,0
DA:33,0
DA:36,0
DA:46,0
DA:47,0
DA:48,0
DA:49,0
DA:50,0
DA:51,0
DA:52,0
DA:56,0
DA:57,0
DA:58,0
DA:59,0
DA:60,0
DA:61,0
DA:65,0
DA:66,0
DA:67,0
DA:68,0
DA:72,0
DA:73,0
DA:74,0
DA:75,0
DA:76,0
DA:79,0
DA:80,0
DA:89,0
DA:92,0
DA:93,0
DA:96,0
DA:99,0
DA:100,0
DA:103,0
DA:105,0
DA:106,0
DA:109,0
DA:110,0
DA:112,0
DA:113,0
DA:114,0
DA:115,0
DA:116,0
DA:117,0
DA:118,0
DA:119,0
DA:121,0
DA:122,0
DA:123,0
DA:124,0
DA:132,0
DA:133,0
DA:137,0
DA:140,0
DA:141,0
DA:142,0
DA:143,0
DA:144,0
DA:146,0
DA:151,0
DA:155,0
DA:156,0
DA:157,0
DA:159,0
DA:161,0
DA:163,0
DA:167,0
DA:170,0
DA:172,0
DA:173,0
DA:179,0
DA:185,0
DA:186,0
DA:187,0
DA:191,0
DA:192,0
DA:193,0
DA:195,0
DA:200,0
DA:201,0
DA:205,0
DA:206,0
DA:212,0
DA:219,0
DA:220,0
DA:221,0
DA:223,0
DA:224,0
DA:226,0
DA:227,0
DA:231,0
DA:236,0
DA:248,0
DA:255,0
DA:256,0
DA:265,0
DA:266,0
DA:267,0
DA:268,0
DA:269,0
DA:270,0
DA:271,0
DA:272,0
DA:273,0
DA:274,0
DA:275,0
DA:276,0
DA:277,0
DA:279,0
DA:280,0
DA:281,0
DA:285,0
DA:288,0
DA:289,0
DA:297,0
DA:298,0
DA:299,0
DA:300,0
DA:301,0
DA:304,0
DA:308,0
DA:309,0
DA:311,0
DA:313,0
DA:314,0
DA:315,0
DA:316,0
DA:318,0
DA:319,0
DA:321,0
DA:322,0
DA:323,0
DA:324,0
DA:325,0
DA:327,0
DA:328,0
DA:329,0
DA:330,0
DA:331,0
DA:332,0
DA:334,0
DA:335,0
DA:338,0
DA:339,0
DA:340,0
DA:341,0
DA:343,0
DA:350,1
DA:358,1
DA:360,1
DA:361,1
DA:364,1
DA:366,3
DA:374,1
DA:378,2
DA:379,1
DA:382,1
DA:383,2
DA:384,1
DA:387,1
DA:389,3
DA:391,3
DA:392,1
DA:396,0
LF:164
LH:16
end_of_record
SF:lib/src/liquid_glass_blend_group.dart
DA:16,1
DA:38,0
DA:39,0
DA:40,0
DA:41,0
DA:46,1
DA:47,1
DA:48,1
DA:51,1
DA:52,1
DA:56,2
DA:58,1
DA:60,2
DA:61,1
DA:64,1
DA:66,2
DA:69,0
DA:70,0
DA:71,0
DA:75,1
DA:76,1
DA:77,1
DA:78,2
DA:79,2
DA:81,1
DA:82,1
DA:83,2
DA:86,1
DA:87,2
DA:94,1
DA:101,1
DA:103,1
DA:106,1
DA:108,1
DA:109,3
DA:114,1
DA:129,1
DA:131,1
DA:132,1
DA:133,1
DA:134,1
DA:135,1
DA:136,1
DA:137,1
DA:141,1
DA:147,2
DA:148,2
DA:149,2
DA:150,2
DA:158,1
DA:167,2
DA:173,2
DA:175,1
DA:176,2
DA:177,0
DA:178,0
DA:179,0
DA:180,0
DA:184,2
DA:185,1
DA:186,2
DA:187,1
DA:188,3
DA:189,1
DA:190,1
DA:193,1
DA:195,1
DA:196,1
DA:199,0
DA:201,0
DA:202,0
DA:205,1
DA:210,3
DA:211,2
DA:212,1
DA:213,1
DA:214,1
DA:215,2
DA:220,1
DA:224,2
DA:225,0
DA:231,3
DA:232,3
DA:233,2
DA:234,2
DA:235,2
DA:237,3
DA:238,4
DA:239,4
DA:240,4
DA:241,4
DA:242,4
DA:247,1
DA:249,1
DA:250,3
DA:253,5
DA:260,1
DA:261,1
DA:263,4
DA:264,2
DA:267,1
DA:272,1
DA:274,2
DA:275,1
DA:278,3
DA:282,3
DA:286,0
DA:291,3
DA:297,0
DA:304,0
DA:305,0
DA:306,0
DA:307,0
DA:311,0
DA:313,0
DA:319,1
DA:324,1
DA:325,0
DA:331,1
DA:332,0
DA:339,1
DA:341,1
DA:343,2
DA:346,1
DA:362,1
DA:368,1
DA:371,3
DA:374,0
DA:377,1
DA:382,2
DA:383,1
DA:387,1
DA:388,2
DA:389,1
DA:393,0
DA:398,0
DA:399,0
DA:403,1
DA:404,2
DA:405,1
DA:409,1
DA:411,2
DA:412,1
LF:143
LH:114
end_of_record
SF:lib/src/internal/transform_tracking_repaint_boundary_mixin.dart
DA:8,0
DA:10,0
DA:12,0
DA:15,0
DA:19,0
DA:23,0
DA:24,0
DA:25,0
DA:26,0
DA:33,0
DA:36,0
DA:37,0
DA:45,2
DA:47,2
DA:49,2
DA:53,2
DA:56,1
DA:59,1
DA:60,3
DA:61,1
DA:64,2
DA:65,4
DA:66,2
DA:67,2
DA:68,0
DA:69,0
DA:79,1
DA:85,1
DA:88,1
DA:90,2
DA:91,2
DA:92,0
DA:93,0
LF:33
LH:17
end_of_record
SF:lib/src/liquid_glass_scope.dart
DA:8,1
DA:19,1
DA:21,1
DA:22,1
DA:26,1
DA:28,1
DA:29,3
DA:30,3
LF:8
LH:8
end_of_record
SF:lib/src/fake_glass.dart
DA:16,0
DA:25,0
DA:43,0
DA:45,0
DA:49,0
DA:50,0
DA:51,0
DA:52,0
DA:53,0
DA:56,0
DA:57,0
DA:58,0
DA:59,0
DA:69,0
DA:83,0
DA:85,0
DA:86,0
DA:87,0
DA:88,0
DA:92,0
DA:95,0
DA:97,0
DA:98,0
DA:99,0
DA:105,0
DA:114,0
DA:115,0
DA:116,0
DA:117,0
DA:118,0
DA:122,0
DA:123,0
DA:124,0
DA:125,0
DA:126,0
DA:130,0
DA:131,0
DA:132,0
DA:133,0
DA:134,0
DA:137,0
DA:140,0
DA:141,0
DA:143,0
DA:146,0
DA:147,0
DA:148,0
DA:152,0
DA:153,0
DA:154,0
DA:160,0
DA:166,0
DA:167,0
DA:168,0
DA:169,0
DA:171,0
DA:173,0
DA:174,0
DA:175,0
DA:176,0
DA:177,0
DA:187,0
DA:196,0
DA:198,0
DA:199,0
DA:200,0
DA:201,0
DA:206,0
DA:207,0
DA:208,0
DA:210,0
DA:212,0
DA:213,0
DA:214,0
DA:215,0
DA:217,0
DA:221,0
DA:222,0
DA:223,0
DA:224,0
DA:225,0
DA:227,0
DA:233,0
DA:236,0
DA:237,0
DA:238,0
DA:241,0
DA:242,0
DA:244,0
DA:245,0
DA:246,0
DA:247,0
DA:249,0
DA:251,0
DA:252,0
DA:255,0
DA:260,0
DA:263,0
DA:267,0
DA:270,0
DA:274,0
DA:276,0
DA:277,0
DA:279,0
DA:280,0
DA:283,0
DA:286,0
DA:287,0
DA:289,0
DA:290,0
DA:291,0
DA:293,0
DA:294,0
DA:295,0
DA:296,0
DA:297,0
DA:298,0
DA:300,0
DA:303,0
DA:304,0
DA:305,0
DA:306,0
LF:122
LH:0
end_of_record
SF:lib/src/glass_glow.dart
DA:12,0
DA:42,0
DA:44,0
DA:45,0
DA:46,0
DA:47,0
DA:48,0
DA:49,0
DA:50,0
DA:54,0
DA:55,0
DA:57,0
DA:58,0
DA:59,0
DA:60,0
DA:64,0
DA:65,0
DA:79,1
DA:87,1
DA:88,1
DA:90,0
DA:93,0
DA:94,0
DA:101,2
DA:111,2
DA:116,2
DA:126,1
DA:128,2
DA:129,2
DA:130,2
DA:131,1
DA:134,0
DA:139,0
DA:140,0
DA:141,0
DA:144,0
DA:145,0
DA:146,0
DA:148,0
DA:149,0
DA:152,0
DA:155,0
DA:156,0
DA:157,0
DA:158,0
DA:159,0
DA:160,0
DA:161,0
DA:162,0
DA:165,1
DA:167,1
DA:168,2
DA:169,1
DA:170,1
DA:171,1
DA:173,1
DA:174,1
DA:175,4
DA:176,2
DA:177,5
DA:179,2
DA:183,2
DA:189,1
DA:200,1
DA:202,1
DA:203,1
DA:204,1
DA:205,1
DA:209,1
DA:215,2
DA:216,2
DA:217,2
DA:222,1
DA:231,0
DA:232,1
DA:233,2
DA:234,0
DA:235,0
DA:239,0
DA:240,1
DA:241,2
DA:242,0
DA:243,0
DA:247,0
DA:248,1
DA:249,2
DA:250,0
DA:251,0
DA:254,0
DA:256,0
DA:258,0
DA:262,0
DA:264,0
DA:266,0
DA:267,0
DA:268,0
DA:269,0
DA:274,0
DA:276,0
DA:277,0
DA:278,0
DA:280,0
DA:283,0
DA:288,0
DA:289,0
LF:105
LH:41
end_of_record
SF:lib/src/liquid_glass.dart
DA:36,0
DA:44,1
DA:82,1
DA:84,2
DA:87,0
DA:88,0
DA:89,0
DA:115,1
DA:116,1
DA:117,1
DA:118,1
DA:119,1
DA:120,2
DA:121,1
DA:122,1
DA:123,3
DA:124,1
DA:125,1
DA:134,1
DA:147,1
DA:149,1
DA:150,1
DA:151,1
DA:152,1
DA:156,1
DA:162,2
DA:163,2
DA:164,2
DA:171,1
DA:180,2
DA:181,1
DA:182,2
DA:183,0
DA:184,0
DA:185,0
DA:189,0
DA:190,1
DA:191,2
DA:192,0
DA:193,0
DA:197,1
DA:198,2
DA:199,0
DA:200,0
DA:201,0
DA:206,1
DA:208,1
DA:209,1
DA:212,1
DA:214,1
DA:215,2
DA:216,1
DA:219,1
DA:220,1
DA:221,2
DA:223,1
DA:224,1
DA:229,1
DA:230,2
DA:233,0
DA:234,0
DA:236,0
DA:237,0
DA:243,1
DA:245,1
DA:247,5
DA:248,2
DA:251,0
DA:253,0
DA:256,1
DA:259,1
DA:262,0
DA:267,0
DA:268,0
DA:269,0
DA:273,0
DA:278,1
DA:279,1
LF:78
LH:54
end_of_record
SF:lib/src/liquid_glass_layer.dart
DA:60,0
DA:94,0
DA:95,0
DA:104,0
DA:106,0
DA:107,0
DA:110,0
DA:112,0
DA:113,0
DA:114,0
DA:122,0
DA:123,0
DA:125,0
DA:126,0
DA:127,0
DA:132,0
DA:133,0
DA:134,0
DA:135,0
DA:136,0
DA:137,0
DA:138,0
DA:139,0
DA:141,0
DA:142,0
DA:144,0
DA:145,0
DA:148,0
DA:157,0
DA:170,0
DA:172,0
DA:173,0
DA:174,0
DA:175,0
DA:176,0
DA:177,0
DA:181,0
DA:187,0
DA:188,0
DA:189,0
DA:190,0
DA:197,0
DA:210,0
DA:211,0
DA:212,0
DA:213,0
DA:217,0
DA:218,0
DA:220,0
DA:222,0
DA:223,0
DA:226,0
DA:233,0
DA:234,0
DA:235,0
DA:236,0
DA:238,0
DA:239,0
DA:242,0
DA:243,0
DA:245,0
DA:246,0
DA:247,0
DA:249,0
DA:250,0
DA:252,0
DA:255,0
DA:257,0
DA:258,0
DA:262,0
DA:263,0
DA:265,0
DA:267,0
DA:277,0
DA:279,0
DA:280,0
DA:283,0
DA:284,0
DA:286,0
DA:287,0
DA:297,0
DA:301,0
DA:303,0
DA:304,0
DA:305,0
DA:306,0
DA:307,0
LF:87
LH:0
end_of_record
SF:lib/src/liquid_glass_settings.dart
DA:11,1
DA:27,0
DA:36,0
DA:38,0
DA:40,0
DA:41,0
DA:53,1
DA:54,2
DA:68,0
DA:69,0
DA:77,4
DA:87,0
DA:97,4
DA:110,0
DA:118,0
DA:134,0
DA:137,0
DA:150,0
DA:151,0
DA:152,0
DA:153,0
DA:154,0
DA:155,0
DA:156,0
DA:157,0
DA:158,0
DA:159,0
DA:160,0
DA:163,1
DA:164,1
DA:165,1
DA:166,1
DA:167,1
DA:168,1
DA:169,1
DA:170,1
DA:171,1
DA:172,1
DA:173,1
DA:174,1
LF:40
LH:17
end_of_record
SF:lib/src/liquid_shape.dart
DA:7,1
DA:12,0
DA:14,0
DA:20,1
DA:22,2
DA:28,0
DA:30,0
DA:33,0
DA:34,0
DA:42,1
DA:52,1
DA:53,1
DA:54,2
DA:55,1
DA:58,0
DA:63,0
DA:64,0
DA:65,0
DA:69,0
DA:71,0
DA:72,0
DA:73,0
DA:77,0
DA:78,0
DA:86,1
DA:88,1
DA:91,0
DA:93,0
DA:94,0
DA:98,0
DA:100,0
DA:101,0
DA:112,0
DA:122,0
DA:123,0
DA:124,0
DA:125,0
DA:128,0
DA:133,0
DA:134,0
DA:135,0
DA:139,0
DA:141,0
DA:142,0
DA:143,0
DA:147,0
DA:148,0
LF:47
LH:10
end_of_record
SF:lib/src/logging.dart
DA:20,0
DA:22,0
DA:27,0
DA:30,0
DA:31,0
DA:32,0
DA:34,0
DA:35,0
DA:37,0
DA:45,0
DA:46,0
DA:57,0
DA:58,0
DA:62,0
DA:63,0
DA:64,0
DA:65,0
DA:66,0
DA:68,0
DA:74,0
DA:75,0
DA:76,0
LF:22
LH:0
end_of_record
SF:lib/src/stretch.dart
DA:17,0
DA:64,0
DA:66,0
DA:67,0
DA:70,0
DA:71,0
DA:72,0
DA:73,0
DA:74,0
DA:80,0
DA:84,0
DA:85,0
DA:90,0
DA:91,0
DA:98,0
DA:115,0
DA:124,0
DA:126,0
DA:129,0
DA:134,0
DA:140,0
DA:147,0
DA:148,0
DA:149,0
DA:152,0
DA:153,0
DA:156,0
DA:158,0
DA:161,0
DA:163,0
DA:165,0
DA:168,0
DA:171,0
DA:172,0
DA:177,0
DA:179,0
DA:183,0
DA:185,0
DA:190,0
DA:191,0
DA:192,0
DA:196,0
DA:197,0
DA:201,0
DA:205,0
DA:207,0
DA:209,0
DA:213,0
DA:214,0
DA:218,0
DA:219,0
DA:220,0
DA:223,0
DA:225,0
DA:227,0
DA:232,0
DA:237,0
DA:241,0
DA:242,0
DA:245,0
DA:246,0
DA:252,0
DA:253,0
DA:256,0
DA:257,0
DA:259,0
DA:260,0
DA:261,0
DA:263,0
DA:264,0
DA:266,0
DA:280,0
DA:281,0
DA:283,0
DA:284,0
DA:286,0
DA:287,0
DA:289,0
LF:78
LH:0
end_of_record
SF:lib/src/internal/glass_drag_builder.dart
DA:6,0
DA:19,0
DA:20,0
DA:26,0
DA:28,0
DA:30,0
DA:31,0
DA:32,0
DA:33,0
DA:34,0
DA:37,0
DA:38,0
DA:40,0
DA:41,0
DA:43,0
LF:15
LH:0
end_of_record
SF:lib/src/internal/render_liquid_glass_geometry.dart
DA:40,1
DA:48,1
DA:63,2
DA:64,1
DA:65,2
DA:67,2
DA:68,4
DA:69,1
DA:72,1
DA:73,2
DA:74,1
DA:82,2
DA:83,1
DA:84,2
DA:85,0
DA:86,0
DA:87,0
DA:88,0
DA:92,0
DA:93,0
DA:94,0
DA:95,0
DA:96,0
DA:97,0
DA:98,0
DA:115,1
DA:121,2
DA:122,1
DA:124,1
DA:130,1
DA:133,1
DA:134,0
DA:136,1
DA:139,1
DA:142,2
DA:143,1
DA:146,1
DA:149,1
DA:150,1
DA:153,1
DA:156,2
DA:157,1
DA:188,1
DA:191,1
DA:192,2
DA:193,1
DA:194,2
DA:196,2
DA:203,1
DA:204,2
DA:208,1
DA:210,2
DA:212,0
DA:213,0
DA:214,0
DA:218,4
DA:220,2
DA:221,1
DA:222,1
DA:224,1
DA:228,2
DA:230,1
DA:233,2
DA:236,1
DA:237,3
DA:238,3
DA:239,3
DA:240,3
DA:241,1
DA:243,1
DA:247,2
DA:250,1
DA:254,2
DA:256,4
DA:257,4
DA:259,3
DA:261,2
DA:262,2
DA:265,1
DA:267,1
DA:268,1
DA:269,3
DA:271,4
DA:272,4
DA:277,3
DA:278,1
DA:279,1
DA:282,1
DA:283,1
DA:288,1
DA:297,1
DA:320,1
DA:322,2
DA:327,1
DA:330,3
DA:331,3
LF:96
LH:81
end_of_record
SF:lib/src/internal/snap_rect_to_pixels.dart
DA:6,1
DA:7,1
DA:8,2
DA:9,2
DA:10,2
DA:11,2
DA:17,1
DA:18,3
LF:8
LH:8
end_of_record
SF:lib/src/shape_in_layer.dart
DA:21,1
DA:23,1
DA:25,1
DA:27,0
DA:39,1
DA:45,1
DA:46,1
DA:48,1
DA:50,1
DA:51,2
DA:52,2
DA:53,1
DA:54,0
DA:55,0
DA:56,1
DA:76,0
DA:77,0
DA:78,0
DA:79,0
DA:80,0
DA:81,0
DA:88,0
DA:96,0
DA:97,0
DA:99,0
DA:101,0
DA:102,0
DA:103,0
DA:104,0
DA:105,0
DA:106,0
DA:107,0
DA:136,0
DA:137,0
DA:138,0
DA:139,0
DA:140,0
DA:141,0
DA:142,0
DA:143,0
DA:147,1
DA:149,4
LF:42
LH:14
end_of_record
